# JRE version: Java(TM) SE Runtime Environment (8.0_144-b01) (build 1.8.0_144-b01)
# Java VM: Java HotSpot(TM) 64-Bit Server VM (25.144-b01 mixed mode windows-amd64 compressed oops)
Heap:
 PSYoungGen      total 21504K, used 1863K [0x00000007b4000000, 0x00000007b5600000, 0x00000007c0000000)
  eden space 20992K, 8% used [0x00000007b4000000,0x00000007b41a9ce8,0x00000007b5480000)
  from space 512K, 31% used [0x00000007b5500000,0x00000007b5528000,0x00000007b5580000)
  to   space 512K, 0% used [0x00000007b5580000,0x00000007b5580000,0x00000007b5600000)
 ParOldGen       total 89600K, used 72819K [0x0000000790000000, 0x0000000795780000, 0x00000007b4000000)
  object space 89600K, 81% used [0x0000000790000000,0x000000079471ccf0,0x0000000795780000)
 Metaspace       used 80626K, capacity 81250K, committed 82048K, reserved 1120256K
  class space    used 11898K, capacity 12068K, committed 12160K, reserved 1048576K
GC Heap History (10 events):
Event: 145589.045 GC heap before
{Heap before GC invocations=3048 (full 3):
 PSYoungGen      total 21504K, used 21248K [0x00000007b4000000, 0x00000007b5600000, 0x00000007c0000000)
  eden space 20992K, 100% used [0x00000007b4000000,0x00000007b5480000,0x00000007b5480000)
  from space 512K, 50% used [0x00000007b5580000,0x00000007b55c0000,0x00000007b5600000)
  to   space 512K, 0% used [0x00000007b5500000,0x00000007b5500000,0x00000007b5580000)
 ParOldGen       total 89600K, used 72819K [0x0000000790000000, 0x0000000795780000, 0x00000007b4000000)
  object space 89600K, 81% used [0x0000000790000000,0x000000079471ccf0,0x0000000795780000)
 Metaspace       used 80626K, capacity 81250K, committed 82048K, reserved 1120256K
  class space    used 11898K, capacity 12068K, committed 12160K, reserved 1048576K
Event: 145589.047 GC heap after
Heap after GC invocations=3048 (full 3):
 PSYoungGen      total 21504K, used 256K [0x00000007b4000000, 0x00000007b5600000, 0x00000007c0000000)
  eden space 20992K, 0% used [0x00000007b4000000,0x00000007b4000000,0x00000007b5480000)
  from space 512K, 50% used [0x00000007b5500000,0x00000007b5540000,0x00000007b5580000)
  to   space 512K, 0% used [0x00000007b5580000,0x00000007b5580000,0x00000007b5600000)
 ParOldGen       total 89600K, used 72819K [0x0000000790000000, 0x0000000795780000, 0x00000007b4000000)
  object space 89600K, 81% used [0x0000000790000000,0x000000079471ccf0,0x0000000795780000)
 Metaspace       used 80626K, capacity 81250K, committed 82048K, reserved 1120256K
  class space    used 11898K, capacity 12068K, committed 12160K, reserved 1048576K
}
Event: 145637.055 GC heap before
{Heap before GC invocations=3049 (full 3):
 PSYoungGen      total 21504K, used 21248K [0x00000007b4000000, 0x00000007b5600000, 0x00000007c0000000)
  eden space 20992K, 100% used [0x00000007b4000000,0x00000007b5480000,0x00000007b5480000)
  from space 512K, 50% used [0x00000007b5500000,0x00000007b5540000,0x00000007b5580000)
  to   space 512K, 0% used [0x00000007b5580000,0x00000007b5580000,0x00000007b5600000)
 ParOldGen       total 89600K, used 72819K [0x0000000790000000, 0x0000000795780000, 0x00000007b4000000)
  object space 89600K, 81% used [0x0000000790000000,0x000000079471ccf0,0x0000000795780000)
 Metaspace       used 80626K, capacity 81250K, committed 82048K, reserved 1120256K
  class space    used 11898K, capacity 12068K, committed 12160K, reserved 1048576K
Event: 145637.057 GC heap after
Heap after GC invocations=3049 (full 3):
 PSYoungGen      total 21504K, used 128K [0x00000007b4000000, 0x00000007b5600000, 0x00000007c0000000)
  eden space 20992K, 0% used [0x00000007b4000000,0x00000007b4000000,0x00000007b5480000)
  from space 512K, 25% used [0x00000007b5580000,0x00000007b55a0000,0x00000007b5600000)
  to   space 512K, 0% used [0x00000007b5500000,0x00000007b5500000,0x00000007b5580000)
 ParOldGen       total 89600K, used 72819K [0x0000000790000000, 0x0000000795780000, 0x00000007b4000000)
  object space 89600K, 81% used [0x0000000790000000,0x000000079471ccf0,0x0000000795780000)
 Metaspace       used 80626K, capacity 81250K, committed 82048K, reserved 1120256K
  class space    used 11898K, capacity 12068K, committed 12160K, reserved 1048576K
}
Event: 145682.066 GC heap before
{Heap before GC invocations=3050 (full 3):
 PSYoungGen      total 21504K, used 21120K [0x00000007b4000000, 0x00000007b5600000, 0x00000007c0000000)
  eden space 20992K, 100% used [0x00000007b4000000,0x00000007b5480000,0x00000007b5480000)
  from space 512K, 25% used [0x00000007b5580000,0x00000007b55a0000,0x00000007b5600000)
  to   space 512K, 0% used [0x00000007b5500000,0x00000007b5500000,0x00000007b5580000)
 ParOldGen       total 89600K, used 72819K [0x0000000790000000, 0x0000000795780000, 0x00000007b4000000)
  object space 89600K, 81% used [0x0000000790000000,0x000000079471ccf0,0x0000000795780000)
 Metaspace       used 80626K, capacity 81250K, committed 82048K, reserved 1120256K
  class space    used 11898K, capacity 12068K, committed 12160K, reserved 1048576K
Event: 145682.070 GC heap after
Heap after GC invocations=3050 (full 3):
 PSYoungGen      total 21504K, used 128K [0x00000007b4000000, 0x00000007b5600000, 0x00000007c0000000)
  eden space 20992K, 0% used [0x00000007b4000000,0x00000007b4000000,0x00000007b5480000)
  from space 512K, 25% used [0x00000007b5500000,0x00000007b5520000,0x00000007b5580000)
  to   space 512K, 0% used [0x00000007b5580000,0x00000007b5580000,0x00000007b5600000)
 ParOldGen       total 89600K, used 72819K [0x0000000790000000, 0x0000000795780000, 0x00000007b4000000)
  object space 89600K, 81% used [0x0000000790000000,0x000000079471ccf0,0x0000000795780000)
 Metaspace       used 80626K, capacity 81250K, committed 82048K, reserved 1120256K
  class space    used 11898K, capacity 12068K, committed 12160K, reserved 1048576K
}
Event: 145727.075 GC heap before
{Heap before GC invocations=3051 (full 3):
 PSYoungGen      total 21504K, used 21120K [0x00000007b4000000, 0x00000007b5600000, 0x00000007c0000000)
  eden space 20992K, 100% used [0x00000007b4000000,0x00000007b5480000,0x00000007b5480000)
  from space 512K, 25% used [0x00000007b5500000,0x00000007b5520000,0x00000007b5580000)
  to   space 512K, 0% used [0x00000007b5580000,0x00000007b5580000,0x00000007b5600000)
 ParOldGen       total 89600K, used 72819K [0x0000000790000000, 0x0000000795780000, 0x00000007b4000000)
  object space 89600K, 81% used [0x0000000790000000,0x000000079471ccf0,0x0000000795780000)
 Metaspace       used 80626K, capacity 81250K, committed 82048K, reserved 1120256K
  class space    used 11898K, capacity 12068K, committed 12160K, reserved 1048576K
Event: 145727.077 GC heap after
Heap after GC invocations=3051 (full 3):
 PSYoungGen      total 21504K, used 192K [0x00000007b4000000, 0x00000007b5600000, 0x00000007c0000000)
  eden space 20992K, 0% used [0x00000007b4000000,0x00000007b4000000,0x00000007b5480000)
  from space 512K, 37% used [0x00000007b5580000,0x00000007b55b0000,0x00000007b5600000)
  to   space 512K, 0% used [0x00000007b5500000,0x00000007b5500000,0x00000007b5580000)
 ParOldGen       total 89600K, used 72819K [0x0000000790000000, 0x0000000795780000, 0x00000007b4000000)
  object space 89600K, 81% used [0x0000000790000000,0x000000079471ccf0,0x0000000795780000)
 Metaspace       used 80626K, capacity 81250K, committed 82048K, reserved 1120256K
  class space    used 11898K, capacity 12068K, committed 12160K, reserved 1048576K
}
Event: 145772.085 GC heap before
{Heap before GC invocations=3052 (full 3):
 PSYoungGen      total 21504K, used 21184K [0x00000007b4000000, 0x00000007b5600000, 0x00000007c0000000)
  eden space 20992K, 100% used [0x00000007b4000000,0x00000007b5480000,0x00000007b5480000)
  from space 512K, 37% used [0x00000007b5580000,0x00000007b55b0000,0x00000007b5600000)
  to   space 512K, 0% used [0x00000007b5500000,0x00000007b5500000,0x00000007b5580000)
 ParOldGen       total 89600K, used 72819K [0x0000000790000000, 0x0000000795780000, 0x00000007b4000000)
  object space 89600K, 81% used [0x0000000790000000,0x000000079471ccf0,0x0000000795780000)
 Metaspace       used 80626K, capacity 81250K, committed 82048K, reserved 1120256K
  class space    used 11898K, capacity 12068K, committed 12160K, reserved 1048576K
Event: 145772.092 GC heap after
Heap after GC invocations=3052 (full 3):
 PSYoungGen      total 21504K, used 160K [0x00000007b4000000, 0x00000007b5600000, 0x00000007c0000000)
  eden space 20992K, 0% used [0x00000007b4000000,0x00000007b4000000,0x00000007b5480000)
  from space 512K, 31% used [0x00000007b5500000,0x00000007b5528000,0x00000007b5580000)
  to   space 512K, 0% used [0x00000007b5580000,0x00000007b5580000,0x00000007b5600000)
 ParOldGen       total 89600K, used 72819K [0x0000000790000000, 0x0000000795780000, 0x00000007b4000000)
  object space 89600K, 81% used [0x0000000790000000,0x000000079471ccf0,0x0000000795780000)
 Metaspace       used 80626K, capacity 81250K, committed 82048K, reserved 1120256K
  class space    used 11898K, capacity 12068K, committed 12160K, reserved 1048576K
}

